npm warn deprecated inflight@1.0.6: This module is not supported, and leaks memory. Do not use it. Check out lru-cache if you want a good and tested way to coalesce async requests by a key value, which is much more comprehensive and powerful.
npm warn deprecated glob@7.2.3: Glob versions prior to v9 are no longer supported
npm warn deprecated rimraf@3.0.2: Rimraf versions prior to v4 are no longer supported
npm warn deprecated npmlog@5.0.1: This package is no longer supported.
npm warn deprecated gauge@3.0.2: This package is no longer supported.
npm warn deprecated are-we-there-yet@2.0.0: This package is no longer supported.

> portfolio@0.1.0 prepare
> husky


added 717 packages, and audited 718 packages in 59s

210 packages are looking for funding
  run `npm fund` for details

25 vulnerabilities (1 moderate, 24 high)

To address issues that do not require attention, run:
  npm audit fix

Some issues need review, and may require choosing
a different dependency.

Run `npm audit` for details.
npm notice
npm notice New minor version of npm available! 11.7.0 -> 11.9.0
npm notice Changelog: https://github.com/npm/cli/releases/tag/v11.9.0
npm notice To update run: npm install -g npm@11.9.0
npm notice
